<?xml version="1.0" encoding="UTF-8"?>
<testng-results skipped="0" failed="0" total="1" passed="1">
  <reporter-output>
  </reporter-output>
  <suite name="JENKINS DEMO" duration-ms="15064" started-at="2017-10-04T07:55:21Z" finished-at="2017-10-04T07:55:36Z">
    <groups>
    </groups>
    <test name="JTEST" duration-ms="15064" started-at="2017-10-04T07:55:21Z" finished-at="2017-10-04T07:55:36Z">
      <class name="Demo1">
        <test-method status="PASS" signature="gmail_login()[pri:0, instance:Demo1@afffde]" name="gmail_login" duration-ms="15035" started-at="2017-10-04T13:25:21Z" finished-at="2017-10-04T13:25:36Z">
          <reporter-output>
          </reporter-output>
        </test-method> <!-- gmail_login -->
      </class> <!-- Demo1 -->
    </test> <!-- JTEST -->
  </suite> <!-- JENKINS DEMO -->
</testng-results>
